-------------------------------------------------------------------------------
Test set: cucumber.Options.TestRunner
-------------------------------------------------------------------------------
Tests run: 5, Failures: 1, Errors: 0, Skipped: 0, Time elapsed: 7.13 sec <<< FAILURE!
Create a pet and then delete it(Pet feature)  Time elapsed: 1.311 sec  <<< FAILURE!
java.lang.AssertionError
	at org.junit.Assert.fail(Assert.java:87)
	at org.junit.Assert.assertTrue(Assert.java:42)
	at org.junit.Assert.assertTrue(Assert.java:53)
	at stepDefinitions.StepDefsPet.apiCallIsSuccessfulWithStatusCode(StepDefsPet.java:40)
	at ?.api call is successful with status code 200(file:///C:/Users/o.basha/IdeaProjects/TaskApi/src/test/java/featureFiles/pet.feature:42)

