<?xml version="1.0" encoding="UTF-8" ?>
<testsuite tests="5" failures="1" name="cucumber.Options.TestRunner" time="6.544" errors="0" skipped="0">
  <properties>
[...]
</properties>
  <testcase classname="Pet feature" name="Add a new pet to the store and add a photo #1" time="2.518"/>
  <testcase classname="Pet feature" name="Add a new pet to the store and add a photo #2" time="0.674"/>
  <testcase classname="Pet feature" name="Find all pets with a particular status" time="0.861"/>
  <testcase classname="Pet feature" name="Create a pet and update its name to &quot;RickMorty&quot;" time="1.18"/>
  <testcase classname="Pet feature" name="Create a pet and then delete it" time="1.311">
    <failure type="java.lang.AssertionError">java.lang.AssertionError
	at org.junit.Assert.fail(Assert.java:87)
	at org.junit.Assert.assertTrue(Assert.java:42)
	at org.junit.Assert.assertTrue(Assert.java:53)
	at stepDefinitions.StepDefsPet.apiCallIsSuccessfulWithStatusCode(StepDefsPet.java:40)
	at ✽.api call is successful with status code 200(file:///C:/Users/o.basha/IdeaProjects/TaskApi/src/test/java/featureFiles/pet.feature:42)
</failure>
    <system-out>
Scenario Outline: Create a pet and then delete it                       &amp;#27;[90m# src/test/java/featureFiles/pet.feature:48&amp;#27;[0m
HTTP/1.1 200 OK
Date: Mon, 23 Aug 2021 12:29:06 GMT
Content-Type: application/json
Transfer-Encoding: chunked
Connection: keep-alive
Access-Control-Allow-Origin: *
Access-Control-Allow-Methods: GET, POST, DELETE, PUT
Access-Control-Allow-Headers: Content-Type, api_key, Authorization
Server: Jetty(9.2.9.v20150224)

{
    &quot;id&quot;: 3820877,
    &quot;name&quot;: &quot;Alice&quot;,
    &quot;photoUrls&quot;: [
        
    ],
    &quot;tags&quot;: [
        
    ],
    &quot;status&quot;: &quot;sold&quot;
}
HTTP/1.1 200 OK
Date: Mon, 23 Aug 2021 12:29:06 GMT
Content-Type: application/json
Transfer-Encoding: chunked
Connection: keep-alive
Access-Control-Allow-Origin: *
Access-Control-Allow-Methods: GET, POST, DELETE, PUT
Access-Control-Allow-Headers: Content-Type, api_key, Authorization
Server: Jetty(9.2.9.v20150224)

{
    &quot;id&quot;: 3820877,
    &quot;name&quot;: &quot;Alice&quot;,
    &quot;photoUrls&quot;: [
        
    ],
    &quot;tags&quot;: [
        
    ],
    &quot;status&quot;: &quot;sold&quot;
}
  &amp;#27;[32mWhen &amp;#27;[0m&amp;#27;[32muser creates a new pet with name, status&amp;#27;[0m                         &amp;#27;[90m# stepDefinitions.StepDefsPet.userCreatesANewPet(io.cucumber.datatable.DataTable)&amp;#27;[0m
HTTP/1.1 404 Not Found
Date: Mon, 23 Aug 2021 12:29:06 GMT
Content-Length: 0
Connection: keep-alive
Access-Control-Allow-Origin: *
Access-Control-Allow-Methods: GET, POST, DELETE, PUT
Access-Control-Allow-Headers: Content-Type, api_key, Authorization
Server: Jetty(9.2.9.v20150224)
HTTP/1.1 404 Not Found
Date: Mon, 23 Aug 2021 12:29:06 GMT
Content-Length: 0
Connection: keep-alive
Access-Control-Allow-Origin: *
Access-Control-Allow-Methods: GET, POST, DELETE, PUT
Access-Control-Allow-Headers: Content-Type, api_key, Authorization
Server: Jetty(9.2.9.v20150224)
  &amp;#27;[32mAnd &amp;#27;[0m&amp;#27;[32muser deletes the newly created pet&amp;#27;[0m                                &amp;#27;[90m# stepDefinitions.StepDefsPet.userDeletesTheNewlyCreatedPet()&amp;#27;[0m
  &amp;#27;[31mThen &amp;#27;[0m&amp;#27;[31mapi call is successful with status code &amp;#27;[0m&amp;#27;[31m&amp;#27;[1m200&amp;#27;[0m                      &amp;#27;[90m# stepDefinitions.StepDefsPet.apiCallIsSuccessfulWithStatusCode(int)&amp;#27;[0m
      &amp;#27;[31mjava.lang.AssertionError
	at org.junit.Assert.fail(Assert.java:87)
	at org.junit.Assert.assertTrue(Assert.java:42)
	at org.junit.Assert.assertTrue(Assert.java:53)
	at stepDefinitions.StepDefsPet.apiCallIsSuccessfulWithStatusCode(StepDefsPet.java:40)
	at вњЅ.api call is successful with status code 200(file:///C:/Users/o.basha/IdeaProjects/TaskApi/src/test/java/featureFiles/pet.feature:42)
&amp;#27;[0m
  &amp;#27;[36mWhen &amp;#27;[0m&amp;#27;[36muser retrieves pet by id&amp;#27;[0m                                         &amp;#27;[90m# stepDefinitions.StepDefsPet.userRetrievesPetById()&amp;#27;[0m
  &amp;#27;[36mAnd &amp;#27;[0m&amp;#27;[36mGET pet by id returns type : &amp;#27;[0m&amp;#27;[36m&amp;#27;[1m&quot;error&quot;&amp;#27;[0m&amp;#27;[36m and message: &amp;#27;[0m&amp;#27;[36m&amp;#27;[1m&quot;Pet not found&quot;&amp;#27;[0m &amp;#27;[90m# stepDefinitions.StepDefsPet.getPetByIdReturnsAnd(java.lang.String,java.lang.String)&amp;#27;[0m
</system-out>
  </testcase>
</testsuite>